2024-08-01 16:10:49.764 [warning] /home/gitpod/.ssh/config: ENOENT: no such file or directory, open '/home/gitpod/.ssh/config'
2024-08-01 16:10:49.764 [info] Activation> Extension version: 0.92.0
2024-08-01 16:10:52.438 [info] Looking for git repository
2024-08-01 16:10:52.438 [info] Found 0 repositories during activation
2024-08-01 16:10:52.438 [info] Git repository found, initializing review manager and pr tree view.
2024-08-01 16:10:52.442 [info] Registering git provider
2024-08-01 16:10:52.442 [info] Review+0> Validate state in progress
2024-08-01 16:10:52.442 [info] Review+0> Validating state...
2024-08-01 16:10:52.730 [info] Found GitHub remote for folder /workspace/project
2024-08-01 16:10:53.038 [info] Trying to use globalState for assignableUsers.
2024-08-01 16:10:53.155 [info] Review+0> No matching pull request metadata found locally for current branch main
2024-08-01 16:10:53.441 [info] GlobalState does not exist for assignableUsers.
2024-08-01 16:10:53.912 [info] Review+0> No matching pull request metadata found on GitHub for current branch main
2024-08-01 16:11:30.861 [info] Repo state for file:///workspace/project changed.
2024-08-01 16:11:30.861 [info] Repo file:///workspace/project has already been setup.
2024-08-01 16:11:35.899 [info] Review+0> Validate state in progress
2024-08-01 16:11:35.899 [info] Review+0> Validating state...
2024-08-01 16:11:36.814 [info] Found GitHub remote for folder /workspace/project
2024-08-01 16:11:36.815 [info] Using in-memory cached assignable users.
2024-08-01 16:11:36.931 [info] Review+0> No matching pull request metadata found locally for current branch main
2024-08-01 16:11:37.614 [info] Review+0> No matching pull request metadata found on GitHub for current branch main
2024-08-01 16:11:41.000 [info] Review+0> Validate state in progress
2024-08-01 16:11:41.000 [info] Review+0> Validating state...
2024-08-01 16:11:41.481 [info] Found GitHub remote for folder /workspace/project
2024-08-01 16:11:41.482 [info] Using in-memory cached assignable users.
2024-08-01 16:11:41.599 [info] Review+0> No matching pull request metadata found locally for current branch main
2024-08-01 16:11:42.266 [info] Review+0> No matching pull request metadata found on GitHub for current branch main
2024-08-01 16:11:49.748 [info] Review+0> Validate state in progress
2024-08-01 16:11:49.748 [info] Review+0> Validating state...
2024-08-01 16:11:50.139 [info] Found GitHub remote for folder /workspace/project
2024-08-01 16:11:50.139 [info] Using in-memory cached assignable users.
2024-08-01 16:11:50.252 [info] Review+0> No matching pull request metadata found locally for current branch main
2024-08-01 16:11:50.917 [info] Review+0> No matching pull request metadata found on GitHub for current branch main
2024-08-01 16:34:19.550 [info] Review+0> Validate state in progress
2024-08-01 16:34:19.550 [info] Review+0> Validating state...
2024-08-01 16:34:19.923 [info] Found GitHub remote for folder /workspace/project
2024-08-01 16:34:19.924 [info] Using in-memory cached assignable users.
2024-08-01 16:34:20.008 [info] Review+0> No matching pull request metadata found locally for current branch main
2024-08-01 16:34:20.641 [info] Review+0> No matching pull request metadata found on GitHub for current branch main
