2024-08-01 16:39:19.153 [warning] /home/gitpod/.ssh/config: ENOENT: no such file or directory, open '/home/gitpod/.ssh/config'
2024-08-01 16:39:19.153 [info] Activation> Extension version: 0.92.0
2024-08-01 16:39:23.222 [info] Looking for git repository
2024-08-01 16:39:23.222 [info] Found 0 repositories during activation
2024-08-01 16:39:23.222 [info] Git repository found, initializing review manager and pr tree view.
2024-08-01 16:39:23.222 [info] Registering git provider
2024-08-01 16:39:24.707 [info] Repository file:///workspace/.vscode-remote has been opened
2024-08-01 16:39:24.707 [info] Review+0> Validate state in progress
2024-08-01 16:39:24.707 [info] Review+0> Validating state...
2024-08-01 16:39:24.709 [warning] No remotes found. The following remotes are missing: origin, upstream
2024-08-01 16:39:24.709 [info] No GitHub remotes found for folder /workspace/.vscode-remote
2024-08-01 16:39:24.756 [info] Review+0> Queuing additional validate state
2024-08-01 16:39:24.757 [info] Repo state for file:///workspace/.vscode-remote changed.
2024-08-01 16:39:24.757 [info] Repo file:///workspace/.vscode-remote has already been setup.
2024-08-01 16:39:26.611 [info] Review+0> Validating state...
2024-08-01 16:39:26.611 [warning] No remotes found. The following remotes are missing: origin, upstream
2024-08-01 16:39:26.611 [info] No GitHub remotes found for folder /workspace/.vscode-remote
2024-08-01 16:39:26.626 [info] Review+0> No matching pull request metadata found locally for current branch master
2024-08-01 16:39:26.635 [info] Review+0> No matching pull request metadata found on GitHub for current branch master
2024-08-01 16:39:34.430 [info] Review+0> Validate state in progress
2024-08-01 16:39:34.430 [info] Review+0> Validating state...
2024-08-01 16:39:34.430 [warning] No remotes found. The following remotes are missing: origin, upstream
2024-08-01 16:39:34.430 [info] No GitHub remotes found for folder /workspace/.vscode-remote
2024-08-01 16:39:34.448 [info] Review+0> No matching pull request metadata found locally for current branch master
2024-08-01 16:39:34.470 [info] Review+0> No matching pull request metadata found on GitHub for current branch master
2024-08-01 16:41:13.854 [info] Review+0> Validate state in progress
2024-08-01 16:41:13.854 [info] Review+0> Validating state...
2024-08-01 16:41:13.855 [warning] No remotes found. The following remotes are missing: origin, upstream
2024-08-01 16:41:13.855 [info] No GitHub remotes found for folder /workspace/.vscode-remote
2024-08-01 16:41:13.881 [info] Review+0> No matching pull request metadata found locally for current branch master
2024-08-01 16:41:13.906 [info] Review+0> No matching pull request metadata found on GitHub for current branch master
