2024-08-01 16:10:49.357 [info] Log level: Info
2024-08-01 16:10:49.357 [info] Validating found git in: "git"
2024-08-01 16:10:49.357 [info] Using git "2.43.0" from "git"
2024-08-01 16:10:49.357 [info] > git rev-parse --show-toplevel [3ms]
2024-08-01 16:10:49.357 [info] > git rev-parse --git-dir --git-common-dir [3ms]
2024-08-01 16:10:49.357 [info] Open repository: /workspace/project
2024-08-01 16:10:49.357 [info] > git config --get commit.template [6ms]
2024-08-01 16:10:49.357 [info] > git rev-parse --show-toplevel [8ms]
2024-08-01 16:10:49.357 [info] > git rev-parse --show-toplevel [8ms]
2024-08-01 16:10:49.357 [info] > git for-each-ref --format=%(refname)%00%(upstream:short)%00%(objectname)%00%(upstream:track)%00%(upstream:remotename)%00%(upstream:remoteref) refs/heads/main refs/remotes/main [16ms]
2024-08-01 16:10:49.357 [warning] ENOENT: no such file or directory, open '/workspace/project/.git/refs/remotes/origin/main'
2024-08-01 16:10:49.357 [info] > git rev-parse refs/remotes/origin/main [26ms]
2024-08-01 16:10:49.357 [info] > git status -z -uall [2ms]
2024-08-01 16:10:49.357 [info] > git for-each-ref --format=%(refname)%00%(upstream:short)%00%(objectname)%00%(upstream:track)%00%(upstream:remotename)%00%(upstream:remoteref) refs/heads/main refs/remotes/main [12ms]
2024-08-01 16:10:49.357 [info] > git config --local branch.main.vscode-merge-base [19ms]
2024-08-01 16:10:49.357 [warning] git config failed: Failed to execute git
2024-08-01 16:10:49.357 [info] > git config --get commit.template [31ms]
2024-08-01 16:10:49.357 [info] > git reflog main --grep-reflog=branch: Created from *. [6ms]
2024-08-01 16:10:49.357 [info] > git for-each-ref --format=%(refname)%00%(upstream:short)%00%(objectname)%00%(upstream:track)%00%(upstream:remotename)%00%(upstream:remoteref) refs/heads/main refs/remotes/main [6ms]
2024-08-01 16:10:49.357 [warning] ENOENT: no such file or directory, open '/workspace/project/.git/refs/remotes/origin/main'
2024-08-01 16:10:49.357 [info] > git symbolic-ref --short refs/remotes/origin/HEAD [6ms]
2024-08-01 16:10:49.357 [info] > git rev-parse refs/remotes/origin/main [6ms]
2024-08-01 16:10:49.357 [info] > git for-each-ref --format=%(refname)%00%(upstream:short)%00%(objectname)%00%(upstream:track)%00%(upstream:remotename)%00%(upstream:remoteref) refs/heads/origin/main refs/remotes/origin/main [6ms]
2024-08-01 16:10:49.357 [info] > git status -z -uall [7ms]
2024-08-01 16:10:49.357 [info] > git for-each-ref --format=%(refname)%00%(upstream:short)%00%(objectname)%00%(upstream:track)%00%(upstream:remotename)%00%(upstream:remoteref) refs/heads/main refs/remotes/main [3ms]
2024-08-01 16:10:49.357 [info] > git config --local branch.main.vscode-merge-base origin/main [13ms]
2024-08-01 16:10:49.357 [info] > git config --local branch.main.vscode-merge-base [6ms]
2024-08-01 16:10:49.357 [info] > git config --get commit.template [6ms]
2024-08-01 16:10:49.357 [info] > git for-each-ref --format=%(refname)%00%(upstream:short)%00%(objectname)%00%(upstream:track)%00%(upstream:remotename)%00%(upstream:remoteref) refs/heads/origin/main refs/remotes/origin/main [6ms]
2024-08-01 16:10:49.357 [info] > git for-each-ref --format=%(refname)%00%(upstream:short)%00%(objectname)%00%(upstream:track)%00%(upstream:remotename)%00%(upstream:remoteref) refs/heads/main refs/remotes/main [7ms]
2024-08-01 16:10:49.357 [warning] ENOENT: no such file or directory, open '/workspace/project/.git/refs/remotes/origin/main'
2024-08-01 16:10:49.357 [info] > git merge-base refs/heads/main refs/remotes/origin/main [6ms]
2024-08-01 16:10:49.357 [info] > git rev-parse refs/remotes/origin/main [5ms]
2024-08-01 16:10:49.357 [info] > git rev-list --count --left-right refs/heads/main...refs/remotes/origin/main [6ms]
2024-08-01 16:10:49.357 [info] > git status -z -uall [7ms]
2024-08-01 16:10:49.357 [info] > git diff --name-status -z --diff-filter=ADMR 2bb7155f5fb9b5ee8e361053405e32da41235798...refs/remotes/origin/main [8ms]
2024-08-01 16:10:49.357 [info] > git for-each-ref --format=%(refname)%00%(upstream:short)%00%(objectname)%00%(upstream:track)%00%(upstream:remotename)%00%(upstream:remoteref) refs/heads/main refs/remotes/main [3ms]
2024-08-01 16:10:49.357 [info] > git config --local branch.main.vscode-merge-base [1ms]
2024-08-01 16:10:49.357 [info] > git for-each-ref --format=%(refname)%00%(upstream:short)%00%(objectname)%00%(upstream:track)%00%(upstream:remotename)%00%(upstream:remoteref) refs/heads/origin/main refs/remotes/origin/main [2ms]
2024-08-01 16:10:49.885 [info] > git check-ignore -v -z --stdin [2ms]
2024-08-01 16:10:53.155 [info] > git config --local branch.main.github-pr-owner-number [110ms]
2024-08-01 16:10:53.155 [warning] git config failed: Failed to execute git
2024-08-01 16:11:30.831 [info] > git config --get commit.template [2ms]
2024-08-01 16:11:30.839 [info] > git for-each-ref --format=%(refname)%00%(upstream:short)%00%(objectname)%00%(upstream:track)%00%(upstream:remotename)%00%(upstream:remoteref) refs/heads/main refs/remotes/main [2ms]
2024-08-01 16:11:30.844 [warning] ENOENT: no such file or directory, open '/workspace/project/.git/refs/remotes/origin/main'
2024-08-01 16:11:30.846 [info] > git rev-parse refs/remotes/origin/main [1ms]
2024-08-01 16:11:30.853 [info] > git status -z -uall [2ms]
2024-08-01 16:11:30.862 [info] > git for-each-ref --format=%(refname)%00%(upstream:short)%00%(objectname)%00%(upstream:track)%00%(upstream:remotename)%00%(upstream:remoteref) refs/heads/main refs/remotes/main [3ms]
2024-08-01 16:11:30.869 [info] > git config --local branch.main.vscode-merge-base [2ms]
2024-08-01 16:11:30.875 [info] > git for-each-ref --format=%(refname)%00%(upstream:short)%00%(objectname)%00%(upstream:track)%00%(upstream:remotename)%00%(upstream:remoteref) refs/heads/origin/main refs/remotes/origin/main [1ms]
2024-08-01 16:11:35.876 [info] > git config --get commit.template [7ms]
2024-08-01 16:11:35.878 [info] > git for-each-ref --format=%(refname)%00%(upstream:short)%00%(objectname)%00%(upstream:track)%00%(upstream:remotename)%00%(upstream:remoteref) refs/heads/main refs/remotes/main [2ms]
2024-08-01 16:11:35.882 [warning] ENOENT: no such file or directory, open '/workspace/project/.git/refs/remotes/origin/main'
2024-08-01 16:11:35.884 [info] > git rev-parse refs/remotes/origin/main [2ms]
2024-08-01 16:11:35.892 [info] > git status -z -uall [3ms]
2024-08-01 16:11:35.901 [info] > git for-each-ref --format=%(refname)%00%(upstream:short)%00%(objectname)%00%(upstream:track)%00%(upstream:remotename)%00%(upstream:remoteref) refs/heads/main refs/remotes/main [3ms]
2024-08-01 16:11:35.908 [info] > git config --local branch.main.vscode-merge-base [2ms]
2024-08-01 16:11:35.915 [info] > git for-each-ref --format=%(refname)%00%(upstream:short)%00%(objectname)%00%(upstream:track)%00%(upstream:remotename)%00%(upstream:remoteref) refs/heads/origin/main refs/remotes/origin/main [2ms]
2024-08-01 16:11:36.931 [info] > git config --local branch.main.github-pr-owner-number [109ms]
2024-08-01 16:11:36.931 [warning] git config failed: Failed to execute git
2024-08-01 16:11:37.651 [info] > git check-ignore -v -z --stdin [2ms]
2024-08-01 16:11:40.967 [info] > git config --get commit.template [57ms]
2024-08-01 16:11:40.968 [info] > git for-each-ref --format=%(refname)%00%(upstream:short)%00%(objectname)%00%(upstream:track)%00%(upstream:remotename)%00%(upstream:remoteref) refs/heads/main refs/remotes/main [3ms]
2024-08-01 16:11:40.978 [warning] ENOENT: no such file or directory, open '/workspace/project/.git/refs/remotes/origin/main'
2024-08-01 16:11:40.978 [info] > git rev-parse refs/remotes/origin/main [0ms]
2024-08-01 16:11:40.989 [info] > git status -z -uall [3ms]
2024-08-01 16:11:41.182 [info] > git for-each-ref --format=%(refname)%00%(upstream:short)%00%(objectname)%00%(upstream:track)%00%(upstream:remotename)%00%(upstream:remoteref) refs/heads/main refs/remotes/main [186ms]
2024-08-01 16:11:41.191 [info] > git config --local branch.main.vscode-merge-base [2ms]
2024-08-01 16:11:41.216 [info] > git for-each-ref --format=%(refname)%00%(upstream:short)%00%(objectname)%00%(upstream:track)%00%(upstream:remotename)%00%(upstream:remoteref) refs/heads/origin/main refs/remotes/origin/main [20ms]
2024-08-01 16:11:41.226 [info] > git merge-base refs/heads/main refs/remotes/origin/main [4ms]
2024-08-01 16:11:41.236 [info] > git rev-list --count --left-right refs/heads/main...refs/remotes/origin/main [3ms]
2024-08-01 16:11:41.243 [info] > git diff --name-status -z --diff-filter=ADMR 2bb7155f5fb9b5ee8e361053405e32da41235798...refs/remotes/origin/main [2ms]
2024-08-01 16:11:41.599 [info] > git config --local branch.main.github-pr-owner-number [109ms]
2024-08-01 16:11:41.599 [warning] git config failed: Failed to execute git
2024-08-01 16:11:49.724 [info] > git config --get commit.template [6ms]
2024-08-01 16:11:49.726 [info] > git for-each-ref --format=%(refname)%00%(upstream:short)%00%(objectname)%00%(upstream:track)%00%(upstream:remotename)%00%(upstream:remoteref) refs/heads/main refs/remotes/main [2ms]
2024-08-01 16:11:49.731 [warning] ENOENT: no such file or directory, open '/workspace/project/.git/refs/remotes/origin/main'
2024-08-01 16:11:49.733 [info] > git rev-parse refs/remotes/origin/main [2ms]
2024-08-01 16:11:49.740 [info] > git status -z -uall [2ms]
2024-08-01 16:11:49.858 [info] > git for-each-ref --format=%(refname)%00%(upstream:short)%00%(objectname)%00%(upstream:track)%00%(upstream:remotename)%00%(upstream:remoteref) refs/heads/main refs/remotes/main [112ms]
2024-08-01 16:11:49.866 [info] > git config --local branch.main.vscode-merge-base [2ms]
2024-08-01 16:11:49.886 [info] > git for-each-ref --format=%(refname)%00%(upstream:short)%00%(objectname)%00%(upstream:track)%00%(upstream:remotename)%00%(upstream:remoteref) refs/heads/origin/main refs/remotes/origin/main [14ms]
2024-08-01 16:11:49.898 [info] > git merge-base refs/heads/main refs/remotes/origin/main [4ms]
2024-08-01 16:11:49.908 [info] > git rev-list --count --left-right refs/heads/main...refs/remotes/origin/main [4ms]
2024-08-01 16:11:49.916 [info] > git diff --name-status -z --diff-filter=ADMR 2bb7155f5fb9b5ee8e361053405e32da41235798...refs/remotes/origin/main [3ms]
2024-08-01 16:11:50.252 [info] > git config --local branch.main.github-pr-owner-number [106ms]
2024-08-01 16:11:50.252 [warning] git config failed: Failed to execute git
2024-08-01 16:11:57.151 [info] > git config --get commit.template [6ms]
2024-08-01 16:11:57.154 [info] > git for-each-ref --format=%(refname)%00%(upstream:short)%00%(objectname)%00%(upstream:track)%00%(upstream:remotename)%00%(upstream:remoteref) refs/heads/main refs/remotes/main [3ms]
2024-08-01 16:11:57.160 [warning] ENOENT: no such file or directory, open '/workspace/project/.git/refs/remotes/origin/main'
2024-08-01 16:11:57.161 [info] > git rev-parse refs/remotes/origin/main [1ms]
2024-08-01 16:11:57.169 [info] > git status -z -uall [3ms]
2024-08-01 16:11:57.177 [info] > git for-each-ref --format=%(refname)%00%(upstream:short)%00%(objectname)%00%(upstream:track)%00%(upstream:remotename)%00%(upstream:remoteref) refs/heads/main refs/remotes/main [2ms]
2024-08-01 16:11:57.184 [info] > git config --local branch.main.vscode-merge-base [1ms]
2024-08-01 16:11:57.192 [info] > git for-each-ref --format=%(refname)%00%(upstream:short)%00%(objectname)%00%(upstream:track)%00%(upstream:remotename)%00%(upstream:remoteref) refs/heads/origin/main refs/remotes/origin/main [2ms]
2024-08-01 16:15:52.450 [info] > git config --local branch.main.github-pr-owner-number [2ms]
2024-08-01 16:15:52.450 [warning] git config failed: Failed to execute git
2024-08-01 16:20:52.459 [info] > git config --local branch.main.github-pr-owner-number [2ms]
2024-08-01 16:20:52.459 [warning] git config failed: Failed to execute git
2024-08-01 16:25:52.466 [info] > git config --local branch.main.github-pr-owner-number [2ms]
2024-08-01 16:25:52.466 [warning] git config failed: Failed to execute git
2024-08-01 16:25:55.276 [info] > git show --textconv :queries.sh [6ms]
2024-08-01 16:25:55.277 [info] > git ls-files --stage -- /workspace/project/queries.sh [2ms]
2024-08-01 16:25:55.283 [info] > git cat-file -s e5a5dad9fafd7fe928511d82397176d8ac27e9cb [1ms]
2024-08-01 16:26:09.664 [info] > git config --get commit.template [8ms]
2024-08-01 16:26:09.666 [info] > git for-each-ref --format=%(refname)%00%(upstream:short)%00%(objectname)%00%(upstream:track)%00%(upstream:remotename)%00%(upstream:remoteref) refs/heads/main refs/remotes/main [3ms]
2024-08-01 16:26:09.672 [warning] ENOENT: no such file or directory, open '/workspace/project/.git/refs/remotes/origin/main'
2024-08-01 16:26:09.674 [info] > git rev-parse refs/remotes/origin/main [1ms]
2024-08-01 16:26:09.681 [info] > git status -z -uall [2ms]
2024-08-01 16:26:09.690 [info] > git for-each-ref --format=%(refname)%00%(upstream:short)%00%(objectname)%00%(upstream:track)%00%(upstream:remotename)%00%(upstream:remoteref) refs/heads/main refs/remotes/main [3ms]
2024-08-01 16:26:09.697 [info] > git config --local branch.main.vscode-merge-base [1ms]
2024-08-01 16:26:09.707 [info] > git for-each-ref --format=%(refname)%00%(upstream:short)%00%(objectname)%00%(upstream:track)%00%(upstream:remotename)%00%(upstream:remoteref) refs/heads/origin/main refs/remotes/origin/main [2ms]
2024-08-01 16:26:10.113 [info] > git show --textconv :insert_data.sh [5ms]
2024-08-01 16:26:10.114 [info] > git ls-files --stage -- /workspace/project/insert_data.sh [1ms]
2024-08-01 16:26:10.121 [info] > git cat-file -s c5ae640c15fdc710bb157f2bae6854a3a8f95f6c [2ms]
2024-08-01 16:26:22.797 [info] > git config --get commit.template [7ms]
2024-08-01 16:26:22.800 [info] > git for-each-ref --format=%(refname)%00%(upstream:short)%00%(objectname)%00%(upstream:track)%00%(upstream:remotename)%00%(upstream:remoteref) refs/heads/main refs/remotes/main [3ms]
2024-08-01 16:26:22.805 [warning] ENOENT: no such file or directory, open '/workspace/project/.git/refs/remotes/origin/main'
2024-08-01 16:26:22.807 [info] > git rev-parse refs/remotes/origin/main [2ms]
2024-08-01 16:26:22.814 [info] > git status -z -uall [2ms]
2024-08-01 16:26:22.822 [info] > git for-each-ref --format=%(refname)%00%(upstream:short)%00%(objectname)%00%(upstream:track)%00%(upstream:remotename)%00%(upstream:remoteref) refs/heads/main refs/remotes/main [2ms]
2024-08-01 16:26:22.830 [info] > git config --local branch.main.vscode-merge-base [2ms]
2024-08-01 16:26:22.837 [info] > git for-each-ref --format=%(refname)%00%(upstream:short)%00%(objectname)%00%(upstream:track)%00%(upstream:remotename)%00%(upstream:remoteref) refs/heads/origin/main refs/remotes/origin/main [2ms]
2024-08-01 16:26:27.575 [info] > git show --textconv :games.csv [6ms]
2024-08-01 16:26:27.577 [info] > git ls-files --stage -- /workspace/project/games.csv [1ms]
2024-08-01 16:26:27.583 [info] > git cat-file -s 40a829cf638bf96aee92778f327f925d9003a04e [2ms]
2024-08-01 16:28:13.488 [info] > git show --textconv :expected_output.txt [7ms]
2024-08-01 16:28:13.489 [info] > git ls-files --stage -- /workspace/project/expected_output.txt [2ms]
2024-08-01 16:28:13.497 [info] > git cat-file -s 526632f98494b9662b3692d59c689fb3402cd2c1 [2ms]
2024-08-01 16:30:18.431 [info] > git show --textconv :insert_data.sh [6ms]
2024-08-01 16:30:18.433 [info] > git ls-files --stage -- /workspace/project/insert_data.sh [2ms]
2024-08-01 16:30:18.441 [info] > git cat-file -s c5ae640c15fdc710bb157f2bae6854a3a8f95f6c [3ms]
2024-08-01 16:30:29.571 [info] > git show --textconv :queries.sh [7ms]
2024-08-01 16:30:29.572 [info] > git ls-files --stage -- /workspace/project/queries.sh [2ms]
2024-08-01 16:30:29.580 [info] > git cat-file -s e5a5dad9fafd7fe928511d82397176d8ac27e9cb [2ms]
2024-08-01 16:30:52.476 [info] > git config --local branch.main.github-pr-owner-number [2ms]
2024-08-01 16:30:52.476 [warning] git config failed: Failed to execute git
2024-08-01 16:31:57.341 [info] > git config --get commit.template [9ms]
2024-08-01 16:31:57.344 [info] > git for-each-ref --format=%(refname)%00%(upstream:short)%00%(objectname)%00%(upstream:track)%00%(upstream:remotename)%00%(upstream:remoteref) refs/heads/main refs/remotes/main [3ms]
2024-08-01 16:31:57.353 [warning] ENOENT: no such file or directory, open '/workspace/project/.git/refs/remotes/origin/main'
2024-08-01 16:31:57.355 [info] > git rev-parse refs/remotes/origin/main [2ms]
2024-08-01 16:31:57.364 [info] > git status -z -uall [3ms]
2024-08-01 16:31:57.375 [info] > git for-each-ref --format=%(refname)%00%(upstream:short)%00%(objectname)%00%(upstream:track)%00%(upstream:remotename)%00%(upstream:remoteref) refs/heads/main refs/remotes/main [3ms]
2024-08-01 16:31:57.384 [info] > git config --local branch.main.vscode-merge-base [2ms]
2024-08-01 16:31:57.392 [info] > git for-each-ref --format=%(refname)%00%(upstream:short)%00%(objectname)%00%(upstream:track)%00%(upstream:remotename)%00%(upstream:remoteref) refs/heads/origin/main refs/remotes/origin/main [2ms]
2024-08-01 16:32:12.330 [info] > git config --get commit.template [6ms]
2024-08-01 16:32:12.332 [info] > git for-each-ref --format=%(refname)%00%(upstream:short)%00%(objectname)%00%(upstream:track)%00%(upstream:remotename)%00%(upstream:remoteref) refs/heads/main refs/remotes/main [3ms]
2024-08-01 16:32:12.338 [warning] ENOENT: no such file or directory, open '/workspace/project/.git/refs/remotes/origin/main'
2024-08-01 16:32:12.340 [info] > git rev-parse refs/remotes/origin/main [2ms]
2024-08-01 16:32:12.347 [info] > git status -z -uall [2ms]
2024-08-01 16:32:12.357 [info] > git for-each-ref --format=%(refname)%00%(upstream:short)%00%(objectname)%00%(upstream:track)%00%(upstream:remotename)%00%(upstream:remoteref) refs/heads/main refs/remotes/main [3ms]
2024-08-01 16:32:12.363 [info] > git config --local branch.main.vscode-merge-base [1ms]
2024-08-01 16:32:12.372 [info] > git for-each-ref --format=%(refname)%00%(upstream:short)%00%(objectname)%00%(upstream:track)%00%(upstream:remotename)%00%(upstream:remoteref) refs/heads/origin/main refs/remotes/origin/main [2ms]
2024-08-01 16:32:23.717 [info] > git config --get commit.template [6ms]
2024-08-01 16:32:23.719 [info] > git for-each-ref --format=%(refname)%00%(upstream:short)%00%(objectname)%00%(upstream:track)%00%(upstream:remotename)%00%(upstream:remoteref) refs/heads/main refs/remotes/main [2ms]
2024-08-01 16:32:23.725 [warning] ENOENT: no such file or directory, open '/workspace/project/.git/refs/remotes/origin/main'
2024-08-01 16:32:23.727 [info] > git rev-parse refs/remotes/origin/main [2ms]
2024-08-01 16:32:23.735 [info] > git status -z -uall [2ms]
2024-08-01 16:32:23.744 [info] > git for-each-ref --format=%(refname)%00%(upstream:short)%00%(objectname)%00%(upstream:track)%00%(upstream:remotename)%00%(upstream:remoteref) refs/heads/main refs/remotes/main [2ms]
2024-08-01 16:32:23.752 [info] > git config --local branch.main.vscode-merge-base [2ms]
2024-08-01 16:32:23.759 [info] > git for-each-ref --format=%(refname)%00%(upstream:short)%00%(objectname)%00%(upstream:track)%00%(upstream:remotename)%00%(upstream:remoteref) refs/heads/origin/main refs/remotes/origin/main [2ms]
2024-08-01 16:32:28.758 [info] > git config --get commit.template [7ms]
2024-08-01 16:32:28.761 [info] > git for-each-ref --format=%(refname)%00%(upstream:short)%00%(objectname)%00%(upstream:track)%00%(upstream:remotename)%00%(upstream:remoteref) refs/heads/main refs/remotes/main [3ms]
2024-08-01 16:32:28.768 [warning] ENOENT: no such file or directory, open '/workspace/project/.git/refs/remotes/origin/main'
2024-08-01 16:32:28.770 [info] > git rev-parse refs/remotes/origin/main [2ms]
2024-08-01 16:32:28.780 [info] > git status -z -uall [3ms]
2024-08-01 16:32:28.793 [info] > git for-each-ref --format=%(refname)%00%(upstream:short)%00%(objectname)%00%(upstream:track)%00%(upstream:remotename)%00%(upstream:remoteref) refs/heads/main refs/remotes/main [3ms]
2024-08-01 16:32:28.868 [info] > git config --local branch.main.vscode-merge-base [3ms]
2024-08-01 16:32:28.895 [info] > git for-each-ref --format=%(refname)%00%(upstream:short)%00%(objectname)%00%(upstream:track)%00%(upstream:remotename)%00%(upstream:remoteref) refs/heads/origin/main refs/remotes/origin/main [20ms]
2024-08-01 16:32:33.807 [info] > git config --get commit.template [7ms]
2024-08-01 16:32:33.809 [info] > git for-each-ref --format=%(refname)%00%(upstream:short)%00%(objectname)%00%(upstream:track)%00%(upstream:remotename)%00%(upstream:remoteref) refs/heads/main refs/remotes/main [3ms]
2024-08-01 16:32:33.815 [warning] ENOENT: no such file or directory, open '/workspace/project/.git/refs/remotes/origin/main'
2024-08-01 16:32:33.816 [info] > git rev-parse refs/remotes/origin/main [2ms]
2024-08-01 16:32:33.824 [info] > git status -z -uall [2ms]
2024-08-01 16:32:33.833 [info] > git for-each-ref --format=%(refname)%00%(upstream:short)%00%(objectname)%00%(upstream:track)%00%(upstream:remotename)%00%(upstream:remoteref) refs/heads/main refs/remotes/main [3ms]
2024-08-01 16:32:33.840 [info] > git config --local branch.main.vscode-merge-base [1ms]
2024-08-01 16:32:33.848 [info] > git for-each-ref --format=%(refname)%00%(upstream:short)%00%(objectname)%00%(upstream:track)%00%(upstream:remotename)%00%(upstream:remoteref) refs/heads/origin/main refs/remotes/origin/main [2ms]
2024-08-01 16:32:52.168 [info] > git config --get commit.template [7ms]
2024-08-01 16:32:52.170 [info] > git for-each-ref --format=%(refname)%00%(upstream:short)%00%(objectname)%00%(upstream:track)%00%(upstream:remotename)%00%(upstream:remoteref) refs/heads/main refs/remotes/main [2ms]
2024-08-01 16:32:52.176 [warning] ENOENT: no such file or directory, open '/workspace/project/.git/refs/remotes/origin/main'
2024-08-01 16:32:52.178 [info] > git rev-parse refs/remotes/origin/main [2ms]
2024-08-01 16:32:52.186 [info] > git status -z -uall [2ms]
2024-08-01 16:32:52.197 [info] > git for-each-ref --format=%(refname)%00%(upstream:short)%00%(objectname)%00%(upstream:track)%00%(upstream:remotename)%00%(upstream:remoteref) refs/heads/main refs/remotes/main [3ms]
2024-08-01 16:32:52.206 [info] > git config --local branch.main.vscode-merge-base [1ms]
2024-08-01 16:32:52.213 [info] > git for-each-ref --format=%(refname)%00%(upstream:short)%00%(objectname)%00%(upstream:track)%00%(upstream:remotename)%00%(upstream:remoteref) refs/heads/origin/main refs/remotes/origin/main [2ms]
2024-08-01 16:32:58.987 [info] > git config --get commit.template [6ms]
2024-08-01 16:32:58.989 [info] > git for-each-ref --format=%(refname)%00%(upstream:short)%00%(objectname)%00%(upstream:track)%00%(upstream:remotename)%00%(upstream:remoteref) refs/heads/main refs/remotes/main [2ms]
2024-08-01 16:32:58.995 [warning] ENOENT: no such file or directory, open '/workspace/project/.git/refs/remotes/origin/main'
2024-08-01 16:32:58.996 [info] > git rev-parse refs/remotes/origin/main [1ms]
2024-08-01 16:32:59.004 [info] > git status -z -uall [3ms]
2024-08-01 16:32:59.012 [info] > git for-each-ref --format=%(refname)%00%(upstream:short)%00%(objectname)%00%(upstream:track)%00%(upstream:remotename)%00%(upstream:remoteref) refs/heads/main refs/remotes/main [3ms]
2024-08-01 16:32:59.019 [info] > git config --local branch.main.vscode-merge-base [1ms]
2024-08-01 16:32:59.026 [info] > git for-each-ref --format=%(refname)%00%(upstream:short)%00%(objectname)%00%(upstream:track)%00%(upstream:remotename)%00%(upstream:remoteref) refs/heads/origin/main refs/remotes/origin/main [2ms]
2024-08-01 16:33:12.197 [info] > git config --get commit.template [8ms]
2024-08-01 16:33:12.199 [info] > git for-each-ref --format=%(refname)%00%(upstream:short)%00%(objectname)%00%(upstream:track)%00%(upstream:remotename)%00%(upstream:remoteref) refs/heads/main refs/remotes/main [3ms]
2024-08-01 16:33:12.205 [warning] ENOENT: no such file or directory, open '/workspace/project/.git/refs/remotes/origin/main'
2024-08-01 16:33:12.206 [info] > git rev-parse refs/remotes/origin/main [1ms]
2024-08-01 16:33:12.216 [info] > git status -z -uall [4ms]
2024-08-01 16:33:12.225 [info] > git for-each-ref --format=%(refname)%00%(upstream:short)%00%(objectname)%00%(upstream:track)%00%(upstream:remotename)%00%(upstream:remoteref) refs/heads/main refs/remotes/main [3ms]
2024-08-01 16:33:12.232 [info] > git config --local branch.main.vscode-merge-base [2ms]
2024-08-01 16:33:12.240 [info] > git for-each-ref --format=%(refname)%00%(upstream:short)%00%(objectname)%00%(upstream:track)%00%(upstream:remotename)%00%(upstream:remoteref) refs/heads/origin/main refs/remotes/origin/main [1ms]
2024-08-01 16:33:53.786 [info] > git config --get commit.template [6ms]
2024-08-01 16:33:53.788 [info] > git for-each-ref --format=%(refname)%00%(upstream:short)%00%(objectname)%00%(upstream:track)%00%(upstream:remotename)%00%(upstream:remoteref) refs/heads/main refs/remotes/main [2ms]
2024-08-01 16:33:53.794 [warning] ENOENT: no such file or directory, open '/workspace/project/.git/refs/remotes/origin/main'
2024-08-01 16:33:53.795 [info] > git rev-parse refs/remotes/origin/main [1ms]
2024-08-01 16:33:53.803 [info] > git status -z -uall [2ms]
2024-08-01 16:33:53.812 [info] > git for-each-ref --format=%(refname)%00%(upstream:short)%00%(objectname)%00%(upstream:track)%00%(upstream:remotename)%00%(upstream:remoteref) refs/heads/main refs/remotes/main [3ms]
2024-08-01 16:33:53.819 [info] > git config --local branch.main.vscode-merge-base [2ms]
2024-08-01 16:33:53.826 [info] > git for-each-ref --format=%(refname)%00%(upstream:short)%00%(objectname)%00%(upstream:track)%00%(upstream:remotename)%00%(upstream:remoteref) refs/heads/origin/main refs/remotes/origin/main [1ms]
2024-08-01 16:33:58.825 [info] > git config --get commit.template [6ms]
2024-08-01 16:33:58.828 [info] > git for-each-ref --format=%(refname)%00%(upstream:short)%00%(objectname)%00%(upstream:track)%00%(upstream:remotename)%00%(upstream:remoteref) refs/heads/main refs/remotes/main [3ms]
2024-08-01 16:33:58.833 [warning] ENOENT: no such file or directory, open '/workspace/project/.git/refs/remotes/origin/main'
2024-08-01 16:33:58.834 [info] > git rev-parse refs/remotes/origin/main [1ms]
2024-08-01 16:33:58.842 [info] > git status -z -uall [2ms]
2024-08-01 16:33:58.852 [info] > git for-each-ref --format=%(refname)%00%(upstream:short)%00%(objectname)%00%(upstream:track)%00%(upstream:remotename)%00%(upstream:remoteref) refs/heads/main refs/remotes/main [3ms]
2024-08-01 16:33:58.859 [info] > git config --local branch.main.vscode-merge-base [2ms]
2024-08-01 16:33:58.866 [info] > git for-each-ref --format=%(refname)%00%(upstream:short)%00%(objectname)%00%(upstream:track)%00%(upstream:remotename)%00%(upstream:remoteref) refs/heads/origin/main refs/remotes/origin/main [2ms]
2024-08-01 16:34:19.527 [info] > git config --get commit.template [6ms]
2024-08-01 16:34:19.529 [info] > git for-each-ref --format=%(refname)%00%(upstream:short)%00%(objectname)%00%(upstream:track)%00%(upstream:remotename)%00%(upstream:remoteref) refs/heads/main refs/remotes/main [3ms]
2024-08-01 16:34:19.534 [warning] ENOENT: no such file or directory, open '/workspace/project/.git/refs/remotes/origin/main'
2024-08-01 16:34:19.536 [info] > git rev-parse refs/remotes/origin/main [2ms]
2024-08-01 16:34:19.543 [info] > git status -z -uall [2ms]
2024-08-01 16:34:19.657 [info] > git for-each-ref --format=%(refname)%00%(upstream:short)%00%(objectname)%00%(upstream:track)%00%(upstream:remotename)%00%(upstream:remoteref) refs/heads/main refs/remotes/main [109ms]
2024-08-01 16:34:19.664 [info] > git config --local branch.main.vscode-merge-base [2ms]
2024-08-01 16:34:19.674 [info] > git for-each-ref --format=%(refname)%00%(upstream:short)%00%(objectname)%00%(upstream:track)%00%(upstream:remotename)%00%(upstream:remoteref) refs/heads/origin/main refs/remotes/origin/main [5ms]
2024-08-01 16:34:19.689 [info] > git merge-base refs/heads/main refs/remotes/origin/main [10ms]
2024-08-01 16:34:19.698 [info] > git rev-list --count --left-right refs/heads/main...refs/remotes/origin/main [3ms]
2024-08-01 16:34:19.706 [info] > git diff --name-status -z --diff-filter=ADMR 2bb7155f5fb9b5ee8e361053405e32da41235798...refs/remotes/origin/main [3ms]
2024-08-01 16:34:20.007 [info] > git config --local branch.main.github-pr-owner-number [77ms]
2024-08-01 16:34:20.007 [warning] git config failed: Failed to execute git
2024-08-01 16:35:52.484 [info] > git config --local branch.main.github-pr-owner-number [1ms]
2024-08-01 16:35:52.485 [warning] git config failed: Failed to execute git
