2024-08-01 16:39:19.127 [info] Log level: Info
2024-08-01 16:39:19.141 [info] VSCODE_MACHINE_ID: dd16a5f3-63f1-4558-a090-ebe075e0fd4b
2024-08-01 16:39:19.141 [info] VSCODE_SESSION_ID: 774a6451-ce80-4495-adcf-d15ad755cae81722530286571
2024-08-01 16:39:19.141 [info] VSCODE_VERSION: 1.91.1
2024-08-01 16:39:19.141 [info] VSCODE_APP_NAME: Gitpod Code
2024-08-01 16:39:19.141 [info] VSCODE_APP_HOST: Gitpod
2024-08-01 16:39:19.141 [info] VSCODE_UI_KIND: web
2024-08-01 16:39:19.141 [info] GITPOD_WORKSPACE_CONTEXT_URL: https://github.com/freeCodeCamp/learn-world-cup-database
2024-08-01 16:39:19.141 [info] GITPOD_INSTANCE_ID: 7f8a1766-0cb0-4d39-836a-3da5826384e6
2024-08-01 16:39:19.141 [info] GITPOD_WORKSPACE_URL: https://freecodecam-learnworldc-5kdwjr0fg2s.ws-us115.gitpod.io
2024-08-01 16:39:19.148 [info] Gitpod Web 7ff72a2
2024-08-01 16:39:19.148 [info] Reading sessions from keychain...
2024-08-01 16:39:19.623 [info] Getting sessions for all scopes...
2024-08-01 16:39:19.623 [info] Getting GitHub sessions for all scopes...
2024-08-01 16:39:19.623 [info] Getting sessions for function:accessCodeSyncStorage...
2024-08-01 16:39:19.623 [info] Got 1 GitHub sessions for all scopes...
2024-08-01 16:39:19.623 [info] Got stored sessions!
2024-08-01 16:39:19.623 [info] Verified session with the following scopes: function:accessCodeSyncStorage function:closePort function:controlAdmission function:deleteEnvVar function:generateNewGitpodToken function:getDefaultWorkspaceImage function:getEnvVars function:getGitpodTokenScopes function:getIDToken function:getLoggedInUser function:getOpenPorts function:getSupportedWorkspaceClasses function:getTeams function:getToken function:getWorkspace function:getWorkspaceEnvVars function:getWorkspaceOwner function:getWorkspaceTimeout function:getWorkspaceUsers function:guessGitTokenScopes function:isWorkspaceOwner function:openPort function:sendHeartBeat function:setEnvVar function:setWorkspaceTimeout function:stopWorkspace function:takeSnapshot function:trackEvent function:updateGitStatus function:waitForSnapshot resource:contentBlob::*::create/get resource:envVar::freeCodeCamp/learn-world-cup-database::create/get/update/delete resource:gitpodToken::*::create resource:snapshot::ws-freecodecam-learnworldc-5kdwjr0fg2s::create resource:token::*::get resource:userStorage::*::create/get/update resource:workspace::freecodecam-learnworldc-5kdwjr0fg2s::get/update resource:workspaceInstance::7f8a1766-0cb0-4d39-836a-3da5826384e6::get/update/delete
2024-08-01 16:39:19.623 [info] Got 1 verified sessions.
2024-08-01 16:39:19.623 [info] Got 1 sessions for all scopes...
2024-08-01 16:39:19.623 [info] Got 1 sessions for function:accessCodeSyncStorage...
2024-08-01 16:39:21.038 [info] Getting GitHub sessions for all scopes...
2024-08-01 16:39:21.038 [info] Getting sessions for all scopes...
2024-08-01 16:39:21.038 [info] Got 1 GitHub sessions for all scopes...
2024-08-01 16:39:21.038 [info] Got 1 sessions for all scopes...
2024-08-01 16:39:21.323 [info] Getting GitHub sessions for project,read:org,read:user,repo,user:email,workflow...
2024-08-01 16:39:21.323 [info] Got 0 GitHub sessions for project,read:org,read:user,repo,user:email,workflow...
2024-08-01 16:39:22.208 [info] Getting GitHub sessions for read:user,repo,user:email,workflow...
2024-08-01 16:39:22.208 [info] Got 1 GitHub sessions for read:user,repo,user:email,workflow...
2024-08-01 16:39:25.566 [info] Getting GitHub sessions for read:user,repo,user:email,workflow...
2024-08-01 16:39:25.566 [info] Got 1 GitHub sessions for read:user,repo,user:email,workflow...
2024-08-01 16:41:36.166 [info] Getting GitHub sessions for read:user,repo,user:email,workflow...
2024-08-01 16:41:36.166 [info] Got 1 GitHub sessions for read:user,repo,user:email,workflow...
